c:\users\vigil\desktop\servers\samp-cpp\build\helloworld.dir\debug\vc141.pdb
c:\users\vigil\desktop\servers\samp-cpp\build\helloworld.dir\debug\callbacks.obj
c:\users\vigil\desktop\servers\samp-cpp\build\helloworld.dir\debug\streamer.obj
c:\users\vigil\desktop\servers\samp-cpp\build\helloworld.dir\debug\damageobject.obj
c:\users\vigil\desktop\servers\samp-cpp\build\helloworld.dir\debug\amxplugin.obj
c:\users\vigil\desktop\servers\samp-cpp\build\helloworld.dir\debug\helloworld.obj
c:\users\vigil\desktop\servers\samp-cpp\build\helloworld.dir\debug\attacking.obj
c:\users\vigil\desktop\servers\samp-cpp\build\helloworld.dir\debug\sampgdk.obj
c:\users\vigil\desktop\servers\samp-cpp\build\cmakefiles\generate.stamp
c:\users\vigil\desktop\servers\samp-cpp\build\debug\helloworld.lib
c:\users\vigil\desktop\servers\samp-cpp\build\debug\helloworld.exp
c:\users\vigil\desktop\servers\samp-cpp\build\debug\helloworld.dll
c:\users\vigil\desktop\servers\samp-cpp\build\debug\helloworld.ilk
c:\users\vigil\desktop\servers\samp-cpp\build\debug\helloworld.pdb
c:\users\vigil\desktop\servers\samp-cpp\build\helloworld.dir\debug\helloworld.tlog\cl.command.1.tlog
c:\users\vigil\desktop\servers\samp-cpp\build\helloworld.dir\debug\helloworld.tlog\cl.read.1.tlog
c:\users\vigil\desktop\servers\samp-cpp\build\helloworld.dir\debug\helloworld.tlog\cl.write.1.tlog
c:\users\vigil\desktop\servers\samp-cpp\build\helloworld.dir\debug\helloworld.tlog\custombuild.command.1.tlog
c:\users\vigil\desktop\servers\samp-cpp\build\helloworld.dir\debug\helloworld.tlog\custombuild.read.1.tlog
c:\users\vigil\desktop\servers\samp-cpp\build\helloworld.dir\debug\helloworld.tlog\custombuild.write.1.tlog
c:\users\vigil\desktop\servers\samp-cpp\build\helloworld.dir\debug\helloworld.tlog\helloworld.write.1u.tlog
c:\users\vigil\desktop\servers\samp-cpp\build\helloworld.dir\debug\helloworld.tlog\link.command.1.tlog
c:\users\vigil\desktop\servers\samp-cpp\build\helloworld.dir\debug\helloworld.tlog\link.read.1.tlog
c:\users\vigil\desktop\servers\samp-cpp\build\helloworld.dir\debug\helloworld.tlog\link.write.1.tlog
